Copyright 1986-2022 Xilinx, Inc. All Rights Reserved. Copyright 2022-2025 Advanced Micro Devices, Inc. All Rights Reserved.
---------------------------------------------------------------------------------------------------------------------------------------------------------------------------------------------------------------------------------
| Tool Version : Vivado v.2025.1 (win64) Build 6140274 Thu May 22 00:12:29 MDT 2025
| Date         : Sat Jul 19 19:09:12 2025
| Host         : Desktop-Aarti running 64-bit major release  (build 9200)
| Command      : report_timing_summary -max_paths 10 -routable_nets -report_unconstrained -file blu_zed_timing_summary_routed.rpt -pb blu_zed_timing_summary_routed.pb -rpx blu_zed_timing_summary_routed.rpx -warn_on_violation
| Design       : blu_zed
| Device       : 7z020-clg484
| Speed File   : -1  PRODUCTION 1.12 2019-11-22
| Design State : Routed
---------------------------------------------------------------------------------------------------------------------------------------------------------------------------------------------------------------------------------

Timing Summary Report

------------------------------------------------------------------------------------------------
| Timer Settings
| --------------
------------------------------------------------------------------------------------------------

  Enable Multi Corner Analysis               :  Yes
  Enable Pessimism Removal                   :  Yes
  Pessimism Removal Resolution               :  Nearest Common Node
  Enable Input Delay Default Clock           :  No
  Enable Preset / Clear Arcs                 :  No
  Disable Flight Delays                      :  No
  Ignore I/O Paths                           :  No
  Timing Early Launch at Borrowing Latches   :  No
  Borrow Time for Max Delay Exceptions       :  Yes
  Merge Timing Exceptions                    :  Yes
  Inter-SLR Compensation                     :  Conservative

  Corner  Analyze    Analyze    
  Name    Max Paths  Min Paths  
  ------  ---------  ---------  
  Slow    Yes        Yes        
  Fast    Yes        Yes        


------------------------------------------------------------------------------------------------
| Report Methodology
| ------------------
------------------------------------------------------------------------------------------------

No report available as report_methodology has not been run prior. Run report_methodology on the current design for the summary of methodology violations.



check_timing report

Table of Contents
-----------------
1. checking no_clock (0)
2. checking constant_clock (0)
3. checking pulse_width_clock (0)
4. checking unconstrained_internal_endpoints (0)
5. checking no_input_delay (0)
6. checking no_output_delay (0)
7. checking multiple_clock (0)
8. checking generated_clocks (0)
9. checking loops (0)
10. checking partial_input_delay (0)
11. checking partial_output_delay (0)
12. checking latch_loops (0)

1. checking no_clock (0)
------------------------
 There are 0 register/latch pins with no clock.


2. checking constant_clock (0)
------------------------------
 There are 0 register/latch pins with constant_clock.


3. checking pulse_width_clock (0)
---------------------------------
 There are 0 register/latch pins which need pulse_width check


4. checking unconstrained_internal_endpoints (0)
------------------------------------------------
 There are 0 pins that are not constrained for maximum delay.

 There are 0 pins that are not constrained for maximum delay due to constant clock.


5. checking no_input_delay (0)
------------------------------
 There are 0 input ports with no input delay specified.

 There are 0 input ports with no input delay but user has a false path constraint.


6. checking no_output_delay (0)
-------------------------------
 There are 0 ports with no output delay specified.

 There are 0 ports with no output delay but user has a false path constraint

 There are 0 ports with no output delay but with a timing clock defined on it or propagating through it


7. checking multiple_clock (0)
------------------------------
 There are 0 register/latch pins with multiple clocks.


8. checking generated_clocks (0)
--------------------------------
 There are 0 generated clocks that are not connected to a clock source.


9. checking loops (0)
---------------------
 There are 0 combinational loops in the design.


10. checking partial_input_delay (0)
------------------------------------
 There are 0 input ports with partial input delay specified.


11. checking partial_output_delay (0)
-------------------------------------
 There are 0 ports with partial output delay specified.


12. checking latch_loops (0)
----------------------------
 There are 0 combinational latch loops in the design through latch input



------------------------------------------------------------------------------------------------
| Design Timing Summary
| ---------------------
------------------------------------------------------------------------------------------------

    WNS(ns)      TNS(ns)  TNS Failing Endpoints  TNS Total Endpoints      WHS(ns)      THS(ns)  THS Failing Endpoints  THS Total Endpoints     WPWS(ns)     TPWS(ns)  TPWS Failing Endpoints  TPWS Total Endpoints  
    -------      -------  ---------------------  -------------------      -------      -------  ---------------------  -------------------     --------     --------  ----------------------  --------------------  
        inf        0.000                      0                    4          inf        0.000                      0                    4           NA           NA                      NA                    NA  


There are no user specified timing constraints.


------------------------------------------------------------------------------------------------
| Clock Summary
| -------------
------------------------------------------------------------------------------------------------


------------------------------------------------------------------------------------------------
| Intra Clock Table
| -----------------
------------------------------------------------------------------------------------------------

Clock             WNS(ns)      TNS(ns)  TNS Failing Endpoints  TNS Total Endpoints      WHS(ns)      THS(ns)  THS Failing Endpoints  THS Total Endpoints     WPWS(ns)     TPWS(ns)  TPWS Failing Endpoints  TPWS Total Endpoints  
-----             -------      -------  ---------------------  -------------------      -------      -------  ---------------------  -------------------     --------     --------  ----------------------  --------------------  


------------------------------------------------------------------------------------------------
| Inter Clock Table
| -----------------
------------------------------------------------------------------------------------------------

From Clock    To Clock          WNS(ns)      TNS(ns)  TNS Failing Endpoints  TNS Total Endpoints      WHS(ns)      THS(ns)  THS Failing Endpoints  THS Total Endpoints  
----------    --------          -------      -------  ---------------------  -------------------      -------      -------  ---------------------  -------------------  


------------------------------------------------------------------------------------------------
| Other Path Groups Table
| -----------------------
------------------------------------------------------------------------------------------------

Path Group    From Clock    To Clock          WNS(ns)      TNS(ns)  TNS Failing Endpoints  TNS Total Endpoints      WHS(ns)      THS(ns)  THS Failing Endpoints  THS Total Endpoints  
----------    ----------    --------          -------      -------  ---------------------  -------------------      -------      -------  ---------------------  -------------------  


------------------------------------------------------------------------------------------------
| User Ignored Path Table
| -----------------------
------------------------------------------------------------------------------------------------

Path Group    From Clock    To Clock    
----------    ----------    --------    


------------------------------------------------------------------------------------------------
| Unconstrained Path Table
| ------------------------
------------------------------------------------------------------------------------------------

Path Group    From Clock    To Clock    
----------    ----------    --------    
(none)                                    


------------------------------------------------------------------------------------------------
| Timing Details
| --------------
------------------------------------------------------------------------------------------------


--------------------------------------------------------------------------------------
Path Group:  (none)
From Clock:  
  To Clock:  

Max Delay             4 Endpoints
Min Delay             4 Endpoints
--------------------------------------------------------------------------------------


Max Delay Paths
--------------------------------------------------------------------------------------
Slack:                    inf
  Source:                 B[2]
                            (input port)
  Destination:            Y[2]
                            (output port)
  Path Group:             (none)
  Path Type:              Max at Slow Process Corner
  Data Path Delay:        11.972ns  (logic 5.109ns (42.676%)  route 6.863ns (57.324%))
  Logic Levels:           3  (IBUF=1 LUT4=1 OBUF=1)

    Location             Delay type                Incr(ns)  Path(ns)    Netlist Resource(s)
  -------------------------------------------------------------------    -------------------
    H17                                               0.000     0.000 r  B[2] (IN)
                         net (fo=0)                   0.000     0.000    B[2]
    H17                  IBUF (Prop_ibuf_I_O)         1.454     1.454 r  B_IBUF[2]_inst/O
                         net (fo=1, routed)           3.174     4.628    B_IBUF[2]
    SLICE_X113Y100       LUT4 (Prop_lut4_I3_O)        0.124     4.752 r  Y_OBUF[2]_inst_i_1/O
                         net (fo=1, routed)           3.689     8.441    Y_OBUF[2]
    U22                  OBUF (Prop_obuf_I_O)         3.531    11.972 r  Y_OBUF[2]_inst/O
                         net (fo=0)                   0.000    11.972    Y[2]
    U22                                                               r  Y[2] (OUT)
  -------------------------------------------------------------------    -------------------

Slack:                    inf
  Source:                 opcode[0]
                            (input port)
  Destination:            Y[0]
                            (output port)
  Path Group:             (none)
  Path Type:              Max at Slow Process Corner
  Data Path Delay:        11.415ns  (logic 5.137ns (45.003%)  route 6.278ns (54.997%))
  Logic Levels:           3  (IBUF=1 LUT4=1 OBUF=1)

    Location             Delay type                Incr(ns)  Path(ns)    Netlist Resource(s)
  -------------------------------------------------------------------    -------------------
    N15                                               0.000     0.000 r  opcode[0] (IN)
                         net (fo=0)                   0.000     0.000    opcode[0]
    N15                  IBUF (Prop_ibuf_I_O)         1.491     1.491 r  opcode_IBUF[0]_inst/O
                         net (fo=4, routed)           2.737     4.228    opcode_IBUF[0]
    SLICE_X113Y100       LUT4 (Prop_lut4_I1_O)        0.124     4.352 r  Y_OBUF[0]_inst_i_1/O
                         net (fo=1, routed)           3.541     7.893    Y_OBUF[0]
    T22                  OBUF (Prop_obuf_I_O)         3.522    11.415 r  Y_OBUF[0]_inst/O
                         net (fo=0)                   0.000    11.415    Y[0]
    T22                                                               r  Y[0] (OUT)
  -------------------------------------------------------------------    -------------------

Slack:                    inf
  Source:                 opcode[0]
                            (input port)
  Destination:            Y[1]
                            (output port)
  Path Group:             (none)
  Path Type:              Max at Slow Process Corner
  Data Path Delay:        11.407ns  (logic 5.128ns (44.960%)  route 6.278ns (55.040%))
  Logic Levels:           3  (IBUF=1 LUT4=1 OBUF=1)

    Location             Delay type                Incr(ns)  Path(ns)    Netlist Resource(s)
  -------------------------------------------------------------------    -------------------
    N15                                               0.000     0.000 r  opcode[0] (IN)
                         net (fo=0)                   0.000     0.000    opcode[0]
    N15                  IBUF (Prop_ibuf_I_O)         1.491     1.491 r  opcode_IBUF[0]_inst/O
                         net (fo=4, routed)           2.739     4.230    opcode_IBUF[0]
    SLICE_X113Y100       LUT4 (Prop_lut4_I1_O)        0.124     4.354 r  Y_OBUF[1]_inst_i_1/O
                         net (fo=1, routed)           3.539     7.893    Y_OBUF[1]
    T21                  OBUF (Prop_obuf_I_O)         3.514    11.407 r  Y_OBUF[1]_inst/O
                         net (fo=0)                   0.000    11.407    Y[1]
    T21                                                               r  Y[1] (OUT)
  -------------------------------------------------------------------    -------------------

Slack:                    inf
  Source:                 opcode[1]
                            (input port)
  Destination:            Y[3]
                            (output port)
  Path Group:             (none)
  Path Type:              Max at Slow Process Corner
  Data Path Delay:        10.433ns  (logic 5.102ns (48.903%)  route 5.331ns (51.097%))
  Logic Levels:           3  (IBUF=1 LUT4=1 OBUF=1)

    Location             Delay type                Incr(ns)  Path(ns)    Netlist Resource(s)
  -------------------------------------------------------------------    -------------------
    P16                                               0.000     0.000 r  opcode[1] (IN)
                         net (fo=0)                   0.000     0.000    opcode[1]
    P16                  IBUF (Prop_ibuf_I_O)         1.448     1.448 r  opcode_IBUF[1]_inst/O
                         net (fo=4, routed)           2.218     3.666    opcode_IBUF[1]
    SLICE_X113Y88        LUT4 (Prop_lut4_I0_O)        0.124     3.790 r  Y_OBUF[3]_inst_i_1/O
                         net (fo=1, routed)           3.113     6.903    Y_OBUF[3]
    U21                  OBUF (Prop_obuf_I_O)         3.530    10.433 r  Y_OBUF[3]_inst/O
                         net (fo=0)                   0.000    10.433    Y[3]
    U21                                                               r  Y[3] (OUT)
  -------------------------------------------------------------------    -------------------





Min Delay Paths
--------------------------------------------------------------------------------------
Slack:                    inf
  Source:                 B[3]
                            (input port)
  Destination:            Y[3]
                            (output port)
  Path Group:             (none)
  Path Type:              Min at Fast Process Corner
  Data Path Delay:        2.843ns  (logic 1.515ns (53.268%)  route 1.329ns (46.732%))
  Logic Levels:           3  (IBUF=1 LUT4=1 OBUF=1)

    Location             Delay type                Incr(ns)  Path(ns)    Netlist Resource(s)
  -------------------------------------------------------------------    -------------------
    M15                                               0.000     0.000 r  B[3] (IN)
                         net (fo=0)                   0.000     0.000    B[3]
    M15                  IBUF (Prop_ibuf_I_O)         0.239     0.239 r  B_IBUF[3]_inst/O
                         net (fo=1, routed)           0.375     0.614    B_IBUF[3]
    SLICE_X113Y88        LUT4 (Prop_lut4_I3_O)        0.045     0.659 r  Y_OBUF[3]_inst_i_1/O
                         net (fo=1, routed)           0.954     1.613    Y_OBUF[3]
    U21                  OBUF (Prop_obuf_I_O)         1.231     2.843 r  Y_OBUF[3]_inst/O
                         net (fo=0)                   0.000     2.843    Y[3]
    U21                                                               r  Y[3] (OUT)
  -------------------------------------------------------------------    -------------------

Slack:                    inf
  Source:                 B[1]
                            (input port)
  Destination:            Y[1]
                            (output port)
  Path Group:             (none)
  Path Type:              Min at Fast Process Corner
  Data Path Delay:        2.926ns  (logic 1.477ns (50.484%)  route 1.449ns (49.516%))
  Logic Levels:           3  (IBUF=1 LUT4=1 OBUF=1)

    Location             Delay type                Incr(ns)  Path(ns)    Netlist Resource(s)
  -------------------------------------------------------------------    -------------------
    H18                                               0.000     0.000 r  B[1] (IN)
                         net (fo=0)                   0.000     0.000    B[1]
    H18                  IBUF (Prop_ibuf_I_O)         0.217     0.217 r  B_IBUF[1]_inst/O
                         net (fo=1, routed)           0.323     0.540    B_IBUF[1]
    SLICE_X113Y100       LUT4 (Prop_lut4_I3_O)        0.045     0.585 r  Y_OBUF[1]_inst_i_1/O
                         net (fo=1, routed)           1.126     1.711    Y_OBUF[1]
    T21                  OBUF (Prop_obuf_I_O)         1.215     2.926 r  Y_OBUF[1]_inst/O
                         net (fo=0)                   0.000     2.926    Y[1]
    T21                                                               r  Y[1] (OUT)
  -------------------------------------------------------------------    -------------------

Slack:                    inf
  Source:                 A[0]
                            (input port)
  Destination:            Y[0]
                            (output port)
  Path Group:             (none)
  Path Type:              Min at Fast Process Corner
  Data Path Delay:        3.062ns  (logic 1.523ns (49.729%)  route 1.539ns (50.271%))
  Logic Levels:           3  (IBUF=1 LUT4=1 OBUF=1)

    Location             Delay type                Incr(ns)  Path(ns)    Netlist Resource(s)
  -------------------------------------------------------------------    -------------------
    F22                                               0.000     0.000 r  A[0] (IN)
                         net (fo=0)                   0.000     0.000    A[0]
    F22                  IBUF (Prop_ibuf_I_O)         0.255     0.255 r  A_IBUF[0]_inst/O
                         net (fo=1, routed)           0.403     0.657    A_IBUF[0]
    SLICE_X113Y100       LUT4 (Prop_lut4_I2_O)        0.045     0.702 r  Y_OBUF[0]_inst_i_1/O
                         net (fo=1, routed)           1.137     1.839    Y_OBUF[0]
    T22                  OBUF (Prop_obuf_I_O)         1.223     3.062 r  Y_OBUF[0]_inst/O
                         net (fo=0)                   0.000     3.062    Y[0]
    T22                                                               r  Y[0] (OUT)
  -------------------------------------------------------------------    -------------------

Slack:                    inf
  Source:                 A[2]
                            (input port)
  Destination:            Y[2]
                            (output port)
  Path Group:             (none)
  Path Type:              Min at Fast Process Corner
  Data Path Delay:        3.144ns  (logic 1.501ns (47.744%)  route 1.643ns (52.256%))
  Logic Levels:           3  (IBUF=1 LUT4=1 OBUF=1)

    Location             Delay type                Incr(ns)  Path(ns)    Netlist Resource(s)
  -------------------------------------------------------------------    -------------------
    H22                                               0.000     0.000 r  A[2] (IN)
                         net (fo=0)                   0.000     0.000    A[2]
    H22                  IBUF (Prop_ibuf_I_O)         0.224     0.224 r  A_IBUF[2]_inst/O
                         net (fo=1, routed)           0.435     0.659    A_IBUF[2]
    SLICE_X113Y100       LUT4 (Prop_lut4_I2_O)        0.045     0.704 r  Y_OBUF[2]_inst_i_1/O
                         net (fo=1, routed)           1.208     1.912    Y_OBUF[2]
    U22                  OBUF (Prop_obuf_I_O)         1.232     3.144 r  Y_OBUF[2]_inst/O
                         net (fo=0)                   0.000     3.144    Y[2]
    U22                                                               r  Y[2] (OUT)
  -------------------------------------------------------------------    -------------------





